<?xml version="1.0" encoding="UTF-8"?>
<testsuite name="org.example.service.UserServiceTest" tests="1" skipped="0" failures="0" errors="0" timestamp="2023-09-19T05:54:05" hostname="AL01599787.local" time="0.233">
  <properties/>
  <testcase name="사용자_등록()" classname="org.example.service.UserServiceTest" time="0.233"/>
  <system-out><![CDATA[]]></system-out>
  <system-err><![CDATA[]]></system-err>
</testsuite>
